<?xml version="1.0" encoding="UTF-8"?>
<!-- Generated by org.testng.reporters.JUnitXMLReporter -->
<testsuite ignored="0" hostname="Naveens-MacBook-Air-2.local" failures="1" tests="1" name="FirefoxTest" time="15.133" errors="0" timestamp="2025-08-13T18:54:43 IST">
  <testcase classname="testCases.TC001LoginPageTest" name="TC001_LoginTest" time="10.37">
    <failure type="java.lang.AssertionError" message="null">
      <![CDATA[java.lang.AssertionError: null
at pageObjects.LoginPage.login(LoginPage.java:66)
at testCases.TC001LoginPageTest.TC001_LoginTest(TC001LoginPageTest.java:28)
at java.base/java.util.ArrayList.forEach(ArrayList.java:1596)
at java.base/java.util.concurrent.FutureTask.run(FutureTask.java:317)
at java.base/java.util.concurrent.ThreadPoolExecutor.runWorker(ThreadPoolExecutor.java:1144)
at java.base/java.util.concurrent.ThreadPoolExecutor$Worker.run(ThreadPoolExecutor.java:642)
at java.base/java.lang.Thread.run(Thread.java:1583)
... Removed 17 stack frames]]>
    </failure>
  </testcase> <!-- TC001_LoginTest -->
</testsuite> <!-- FirefoxTest -->
